================================================================================
ANALYTICS ENGINE PHASE 3 - VALIDATION REPORT
================================================================================

Overall Status: FAILED
Total Duration: 0.13 seconds
Test Categories: 0/9

PYTEST INTEGRATION TESTS
----------------------------------------
Status: FAILED
Error: Unknown error

CUSTOM VALIDATION TESTS
----------------------------------------
gpu_acceleration: FAILED
  Error: No module named 'server'
performance_monitoring: FAILED
  Error: No module named 'server'
concurrent_processing: FAILED
  Error: No module named 'server'
analytics_engine: FAILED
  Error: No module named 'server'
api_endpoints: FAILED
  Error: No module named 'server'

PERFORMANCE BENCHMARKS
----------------------------------------
Benchmark Error: No module named 'server'

SYSTEM INFORMATION
----------------------------------------
platform: macOS-15.5-arm64-arm-64bit-Mach-O
python_version: 3.13.3
cpu_count: 12
memory_total_gb: 24.0
disk_total_gb: 460.4317207336426

================================================================================